<?xml version="1.0" encoding="UTF-8"?>
<!-- Generated by org.testng.reporters.JUnitReportReporter -->
<testsuite skipped="0" hostname="Infva07294" name="Day7.CookieTest" tests="1" failures="0" timestamp="12 Mar 2019 05:18:37 GMT" time="4.420" errors="0">
  <testcase name="Google" time="4.420" classname="Day7.CookieTest"/>
</testsuite> <!-- Day7.CookieTest -->
