<?xml version="1.0" encoding="UTF-8"?>
<!-- Generated by org.testng.reporters.JUnitReportReporter -->
<testsuite skipped="0" hostname="Infva07294" name="Day4NG.Oracle" tests="1" failures="0" timestamp="11 Mar 2019 11:01:22 GMT" time="0.240" errors="0">
  <testcase name="f" time="0.240" classname="Day4NG.Oracle"/>
</testsuite> <!-- Day4NG.Oracle -->
