<?xml version="1.0" encoding="UTF-8"?>
<!-- Generated by org.testng.reporters.JUnitReportReporter -->
<testsuite skipped="0" hostname="Infva07294" name="Day7.CookieAssignment" tests="1" failures="0" timestamp="12 Mar 2019 05:41:53 GMT" time="8.462" errors="0">
  <testcase name="Login" time="8.462" classname="Day7.CookieAssignment"/>
</testsuite> <!-- Day7.CookieAssignment -->
