<?xml version="1.0" encoding="UTF-8"?>
<!-- Generated by org.testng.reporters.JUnitReportReporter -->
<testsuite skipped="0" hostname="Infva07294" name="Day4NG.FirstNG" tests="2" failures="0" timestamp="09 Mar 2019 06:54:51 GMT" time="2.108" errors="0">
  <testcase name="titleTest" time="2.066" classname="Day4NG.FirstNG"/>
  <testcase name="searchBoxTest" time="0.042" classname="Day4NG.FirstNG"/>
</testsuite> <!-- Day4NG.FirstNG -->
