<?xml version="1.0" encoding="UTF-8"?>
<!-- Generated by org.testng.reporters.JUnitReportReporter -->
<testsuite skipped="0" hostname="Infva07294" name="Day7.AlertExample" tests="1" failures="0" timestamp="12 Mar 2019 06:52:29 GMT" time="17.232" errors="0">
  <testcase name="alertTest" time="17.232" classname="Day7.AlertExample"/>
</testsuite> <!-- Day7.AlertExample -->
